2024-11-05 10:41:55,081   INFO  **********************Start logging**********************
2024-11-05 10:41:55,081   INFO  CUDA_VISIBLE_DEVICES=ALL
2024-11-05 10:41:55,081   INFO  Training with a single process
2024-11-05 10:41:55,081   INFO  cfg_file         ./cfgs/my_models/dsvt.yaml
2024-11-05 10:41:55,081   INFO  batch_size       2
2024-11-05 10:41:55,081   INFO  epochs           48
2024-11-05 10:41:55,081   INFO  wandb            False
2024-11-05 10:41:55,081   INFO  workers          4
2024-11-05 10:41:55,081   INFO  extra_tag        default
2024-11-05 10:41:55,081   INFO  ckpt             None
2024-11-05 10:41:55,081   INFO  hyper            None
2024-11-05 10:41:55,082   INFO  pretrained_model None
2024-11-05 10:41:55,082   INFO  work_dir         ../dsvt_output/
2024-11-05 10:41:55,082   INFO  launcher         none
2024-11-05 10:41:55,082   INFO  tcp_port         18888
2024-11-05 10:41:55,082   INFO  sync_bn          False
2024-11-05 10:41:55,082   INFO  random_seed      777
2024-11-05 10:41:55,082   INFO  ckpt_save_interval 1
2024-11-05 10:41:55,082   INFO  local_rank       None
2024-11-05 10:41:55,082   INFO  max_ckpt_save_num 30
2024-11-05 10:41:55,082   INFO  merge_all_iters_to_one_epoch False
2024-11-05 10:41:55,082   INFO  set_cfgs         None
2024-11-05 10:41:55,082   INFO  max_waiting_mins 0
2024-11-05 10:41:55,082   INFO  start_epoch      0
2024-11-05 10:41:55,082   INFO  num_epochs_to_eval 0
2024-11-05 10:41:55,082   INFO  save_to_file     False
2024-11-05 10:41:55,082   INFO  use_tqdm_to_record False
2024-11-05 10:41:55,082   INFO  logger_iter_interval 50
2024-11-05 10:41:55,082   INFO  ckpt_save_time_interval 300
2024-11-05 10:41:55,082   INFO  wo_gpu_stat      False
2024-11-05 10:41:55,082   INFO  use_amp          False
2024-11-05 10:41:55,082   INFO  cfg.ROOT_DIR: /home/ies0411/DNA_challenge_vehicle
2024-11-05 10:41:55,082   INFO  cfg.LOCAL_RANK: 0
2024-11-05 10:41:55,082   INFO  cfg.CLASS_NAMES: ['Vehicle', 'Pedestrian', 'Cyclist']
2024-11-05 10:41:55,082   INFO  ----------- DATA_CONFIG -----------
2024-11-05 10:41:55,082   INFO  cfg.DATA_CONFIG.DATASET: CustomDataset
2024-11-05 10:41:55,082   INFO  cfg.DATA_CONFIG.DATA_PATH: ../datasets
2024-11-05 10:41:55,082   INFO  cfg.DATA_CONFIG.POINT_CLOUD_RANGE: [-74.88, -74.88, -2, 74.88, 74.88, 4]
2024-11-05 10:41:55,082   INFO  ----------- MAP_CLASS_TO_KITTI -----------
2024-11-05 10:41:55,082   INFO  cfg.DATA_CONFIG.MAP_CLASS_TO_KITTI.Vehicle: Car
2024-11-05 10:41:55,082   INFO  cfg.DATA_CONFIG.MAP_CLASS_TO_KITTI.Pedestrian: Pedestrian
2024-11-05 10:41:55,083   INFO  cfg.DATA_CONFIG.MAP_CLASS_TO_KITTI.Cyclist: Cyclist
2024-11-05 10:41:55,083   INFO  ----------- DATA_SPLIT -----------
2024-11-05 10:41:55,083   INFO  cfg.DATA_CONFIG.DATA_SPLIT.train: train
2024-11-05 10:41:55,083   INFO  cfg.DATA_CONFIG.DATA_SPLIT.test: val
2024-11-05 10:41:55,083   INFO  ----------- INFO_PATH -----------
2024-11-05 10:41:55,083   INFO  cfg.DATA_CONFIG.INFO_PATH.train: ['custom_infos_train.pkl']
2024-11-05 10:41:55,083   INFO  cfg.DATA_CONFIG.INFO_PATH.test: ['custom_infos_val.pkl']
2024-11-05 10:41:55,083   INFO  ----------- POINT_FEATURE_ENCODING -----------
2024-11-05 10:41:55,083   INFO  cfg.DATA_CONFIG.POINT_FEATURE_ENCODING.encoding_type: absolute_coordinates_encoding
2024-11-05 10:41:55,083   INFO  cfg.DATA_CONFIG.POINT_FEATURE_ENCODING.used_feature_list: ['x', 'y', 'z', 'intensity']
2024-11-05 10:41:55,083   INFO  cfg.DATA_CONFIG.POINT_FEATURE_ENCODING.src_feature_list: ['x', 'y', 'z', 'intensity']
2024-11-05 10:41:55,083   INFO  ----------- DATA_AUGMENTOR -----------
2024-11-05 10:41:55,083   INFO  cfg.DATA_CONFIG.DATA_AUGMENTOR.DISABLE_AUG_LIST: ['placeholder']
2024-11-05 10:41:55,083   INFO  ----------- MIX -----------
2024-11-05 10:41:55,083   INFO  cfg.DATA_CONFIG.DATA_AUGMENTOR.MIX.NAME_LIST: ['mix_up', 'cut_mix']
2024-11-05 10:41:55,083   INFO  cfg.DATA_CONFIG.DATA_AUGMENTOR.MIX.COLLISION_DETECTION: True
2024-11-05 10:41:55,083   INFO  cfg.DATA_CONFIG.DATA_AUGMENTOR.MIX.ALPHA: 2
2024-11-05 10:41:55,083   INFO  cfg.DATA_CONFIG.DATA_AUGMENTOR.MIX.PROB: 0.1
2024-11-05 10:41:55,083   INFO  cfg.DATA_CONFIG.DATA_AUGMENTOR.AUG_CONFIG_LIST: [{'NAME': 'gt_sampling', 'USE_ROAD_PLANE': False, 'DB_INFO_PATH': ['custom_dbinfos_train.pkl'], 'PREPARE': {'filter_by_min_points': ['Vehicle:5', 'Pedestrian:5', 'Cyclist:5']}, 'SAMPLE_GROUPS': ['Vehicle:20', 'Pedestrian:15', 'Cyclist:15'], 'NUM_POINT_FEATURES': 4, 'DATABASE_WITH_FAKELIDAR': False, 'REMOVE_EXTRA_WIDTH': [0.0, 0.0, 0.0], 'LIMIT_WHOLE_SCENE': True}, {'NAME': 'random_world_flip', 'ALONG_AXIS_LIST': ['x', 'y']}, {'NAME': 'random_world_rotation', 'WORLD_ROT_ANGLE': [-0.78539816, 0.78539816]}, {'NAME': 'random_world_scaling', 'WORLD_SCALE_RANGE': [0.95, 1.05]}]
2024-11-05 10:41:55,083   INFO  cfg.DATA_CONFIG.DATA_PROCESSOR: [{'NAME': 'mask_points_and_boxes_outside_range', 'REMOVE_OUTSIDE_BOXES': True}, {'NAME': 'shuffle_points', 'SHUFFLE_ENABLED': {'train': True, 'test': False}}, {'NAME': 'transform_points_to_voxels_placeholder', 'VOXEL_SIZE': [0.32, 0.32, 0.1875]}]
2024-11-05 10:41:55,083   INFO  ----------- MODEL -----------
2024-11-05 10:41:55,083   INFO  cfg.MODEL.NAME: CenterPoint
2024-11-05 10:41:55,083   INFO  ----------- VFE -----------
2024-11-05 10:41:55,083   INFO  cfg.MODEL.VFE.NAME: DynamicVoxelVFE
2024-11-05 10:41:55,083   INFO  cfg.MODEL.VFE.WITH_DISTANCE: True
2024-11-05 10:41:55,083   INFO  cfg.MODEL.VFE.USE_ABSLOTE_XYZ: True
2024-11-05 10:41:55,083   INFO  cfg.MODEL.VFE.USE_NORM: True
2024-11-05 10:41:55,083   INFO  cfg.MODEL.VFE.NUM_FILTERS: [192, 192]
2024-11-05 10:41:55,083   INFO  ----------- BACKBONE_3D -----------
2024-11-05 10:41:55,083   INFO  cfg.MODEL.BACKBONE_3D.NAME: DSVT
2024-11-05 10:41:55,084   INFO  ----------- INPUT_LAYER -----------
2024-11-05 10:41:55,084   INFO  cfg.MODEL.BACKBONE_3D.INPUT_LAYER.sparse_shape: [468, 468, 32]
2024-11-05 10:41:55,084   INFO  cfg.MODEL.BACKBONE_3D.INPUT_LAYER.downsample_stride: [[1, 1, 4], [1, 1, 4], [1, 1, 2]]
2024-11-05 10:41:55,084   INFO  cfg.MODEL.BACKBONE_3D.INPUT_LAYER.d_model: [192, 192, 192, 192]
2024-11-05 10:41:55,084   INFO  cfg.MODEL.BACKBONE_3D.INPUT_LAYER.set_info: [[48, 1], [48, 1], [48, 1], [48, 1]]
2024-11-05 10:41:55,084   INFO  cfg.MODEL.BACKBONE_3D.INPUT_LAYER.window_shape: [[12, 12, 32], [12, 12, 8], [12, 12, 2], [12, 12, 1]]
2024-11-05 10:41:55,084   INFO  cfg.MODEL.BACKBONE_3D.INPUT_LAYER.hybrid_factor: [2, 2, 1]
2024-11-05 10:41:55,084   INFO  cfg.MODEL.BACKBONE_3D.INPUT_LAYER.shifts_list: [[[0, 0, 0], [6, 6, 0]], [[0, 0, 0], [6, 6, 0]], [[0, 0, 0], [6, 6, 0]], [[0, 0, 0], [6, 6, 0]]]
2024-11-05 10:41:55,084   INFO  cfg.MODEL.BACKBONE_3D.INPUT_LAYER.normalize_pos: True
2024-11-05 10:41:55,084   INFO  cfg.MODEL.BACKBONE_3D.block_name: ['DSVTBlock', 'DSVTBlock', 'DSVTBlock', 'DSVTBlock']
2024-11-05 10:41:55,084   INFO  cfg.MODEL.BACKBONE_3D.set_info: [[48, 1], [48, 1], [48, 1], [48, 1]]
2024-11-05 10:41:55,084   INFO  cfg.MODEL.BACKBONE_3D.d_model: [192, 192, 192, 192]
2024-11-05 10:41:55,084   INFO  cfg.MODEL.BACKBONE_3D.nhead: [12, 12, 12, 12]
2024-11-05 10:41:55,084   INFO  cfg.MODEL.BACKBONE_3D.dim_feedforward: [384, 384, 384, 384]
2024-11-05 10:41:55,084   INFO  cfg.MODEL.BACKBONE_3D.dropout: 0.0
2024-11-05 10:41:55,084   INFO  cfg.MODEL.BACKBONE_3D.activation: gelu
2024-11-05 10:41:55,084   INFO  cfg.MODEL.BACKBONE_3D.reduction_type: attention
2024-11-05 10:41:55,084   INFO  cfg.MODEL.BACKBONE_3D.output_shape: [468, 468]
2024-11-05 10:41:55,084   INFO  cfg.MODEL.BACKBONE_3D.conv_out_channel: 192
2024-11-05 10:41:55,084   INFO  cfg.MODEL.BACKBONE_3D.USE_CHECKPOINT: False
2024-11-05 10:41:55,084   INFO  ----------- MAP_TO_BEV -----------
2024-11-05 10:41:55,084   INFO  cfg.MODEL.MAP_TO_BEV.NAME: PointPillarScatter3d
2024-11-05 10:41:55,084   INFO  cfg.MODEL.MAP_TO_BEV.INPUT_SHAPE: [468, 468, 1]
2024-11-05 10:41:55,084   INFO  cfg.MODEL.MAP_TO_BEV.NUM_BEV_FEATURES: 192
2024-11-05 10:41:55,084   INFO  ----------- BACKBONE_2D -----------
2024-11-05 10:41:55,084   INFO  cfg.MODEL.BACKBONE_2D.NAME: BaseBEVResBackbone
2024-11-05 10:41:55,084   INFO  cfg.MODEL.BACKBONE_2D.LAYER_NUMS: [1, 2, 4]
2024-11-05 10:41:55,084   INFO  cfg.MODEL.BACKBONE_2D.LAYER_STRIDES: [1, 2, 2]
2024-11-05 10:41:55,084   INFO  cfg.MODEL.BACKBONE_2D.NUM_FILTERS: [128, 128, 256]
2024-11-05 10:41:55,084   INFO  cfg.MODEL.BACKBONE_2D.UPSAMPLE_STRIDES: [1, 2, 4]
2024-11-05 10:41:55,085   INFO  cfg.MODEL.BACKBONE_2D.NUM_UPSAMPLE_FILTERS: [128, 128, 128]
2024-11-05 10:41:55,085   INFO  ----------- DENSE_HEAD -----------
2024-11-05 10:41:55,085   INFO  cfg.MODEL.DENSE_HEAD.NAME: CenterHead
2024-11-05 10:41:55,085   INFO  cfg.MODEL.DENSE_HEAD.CLASS_AGNOSTIC: False
2024-11-05 10:41:55,085   INFO  cfg.MODEL.DENSE_HEAD.CLASS_NAMES_EACH_HEAD: [['Vehicle', 'Pedestrian', 'Cyclist']]
2024-11-05 10:41:55,085   INFO  cfg.MODEL.DENSE_HEAD.SHARED_CONV_CHANNEL: 256
2024-11-05 10:41:55,085   INFO  cfg.MODEL.DENSE_HEAD.USE_BIAS_BEFORE_NORM: False
2024-11-05 10:41:55,085   INFO  cfg.MODEL.DENSE_HEAD.NUM_HM_CONV: 2
2024-11-05 10:41:55,085   INFO  cfg.MODEL.DENSE_HEAD.BN_EPS: 0.001
2024-11-05 10:41:55,085   INFO  cfg.MODEL.DENSE_HEAD.BN_MOM: 0.01
2024-11-05 10:41:55,085   INFO  ----------- SEPARATE_HEAD_CFG -----------
2024-11-05 10:41:55,085   INFO  cfg.MODEL.DENSE_HEAD.SEPARATE_HEAD_CFG.HEAD_ORDER: ['center', 'center_z', 'dim', 'rot']
2024-11-05 10:41:55,085   INFO  ----------- HEAD_DICT -----------
2024-11-05 10:41:55,085   INFO  ----------- center -----------
2024-11-05 10:41:55,085   INFO  cfg.MODEL.DENSE_HEAD.SEPARATE_HEAD_CFG.HEAD_DICT.center.out_channels: 2
2024-11-05 10:41:55,085   INFO  cfg.MODEL.DENSE_HEAD.SEPARATE_HEAD_CFG.HEAD_DICT.center.num_conv: 2
2024-11-05 10:41:55,085   INFO  ----------- center_z -----------
2024-11-05 10:41:55,085   INFO  cfg.MODEL.DENSE_HEAD.SEPARATE_HEAD_CFG.HEAD_DICT.center_z.out_channels: 1
2024-11-05 10:41:55,085   INFO  cfg.MODEL.DENSE_HEAD.SEPARATE_HEAD_CFG.HEAD_DICT.center_z.num_conv: 2
2024-11-05 10:41:55,085   INFO  ----------- dim -----------
2024-11-05 10:41:55,085   INFO  cfg.MODEL.DENSE_HEAD.SEPARATE_HEAD_CFG.HEAD_DICT.dim.out_channels: 3
2024-11-05 10:41:55,085   INFO  cfg.MODEL.DENSE_HEAD.SEPARATE_HEAD_CFG.HEAD_DICT.dim.num_conv: 2
2024-11-05 10:41:55,085   INFO  ----------- rot -----------
2024-11-05 10:41:55,085   INFO  cfg.MODEL.DENSE_HEAD.SEPARATE_HEAD_CFG.HEAD_DICT.rot.out_channels: 2
2024-11-05 10:41:55,085   INFO  cfg.MODEL.DENSE_HEAD.SEPARATE_HEAD_CFG.HEAD_DICT.rot.num_conv: 2
2024-11-05 10:41:55,085   INFO  ----------- iou -----------
2024-11-05 10:41:55,085   INFO  cfg.MODEL.DENSE_HEAD.SEPARATE_HEAD_CFG.HEAD_DICT.iou.out_channels: 1
2024-11-05 10:41:55,085   INFO  cfg.MODEL.DENSE_HEAD.SEPARATE_HEAD_CFG.HEAD_DICT.iou.num_conv: 2
2024-11-05 10:41:55,085   INFO  ----------- TARGET_ASSIGNER_CONFIG -----------
2024-11-05 10:41:55,085   INFO  cfg.MODEL.DENSE_HEAD.TARGET_ASSIGNER_CONFIG.FEATURE_MAP_STRIDE: 1
2024-11-05 10:41:55,085   INFO  cfg.MODEL.DENSE_HEAD.TARGET_ASSIGNER_CONFIG.NUM_MAX_OBJS: 500
2024-11-05 10:41:55,086   INFO  cfg.MODEL.DENSE_HEAD.TARGET_ASSIGNER_CONFIG.GAUSSIAN_OVERLAP: 0.1
2024-11-05 10:41:55,086   INFO  cfg.MODEL.DENSE_HEAD.TARGET_ASSIGNER_CONFIG.MIN_RADIUS: 2
2024-11-05 10:41:55,086   INFO  ----------- LOSS_CONFIG -----------
2024-11-05 10:41:55,086   INFO  ----------- LOSS_WEIGHTS -----------
2024-11-05 10:41:55,086   INFO  cfg.MODEL.DENSE_HEAD.LOSS_CONFIG.LOSS_WEIGHTS.cls_weight: 1.0
2024-11-05 10:41:55,086   INFO  cfg.MODEL.DENSE_HEAD.LOSS_CONFIG.LOSS_WEIGHTS.loc_weight: 2.0
2024-11-05 10:41:55,086   INFO  cfg.MODEL.DENSE_HEAD.LOSS_CONFIG.LOSS_WEIGHTS.code_weights: [1.0, 1.0, 1.0, 1.0, 1.0, 1.0, 1.0, 1.0]
2024-11-05 10:41:55,086   INFO  ----------- POST_PROCESSING -----------
2024-11-05 10:41:55,086   INFO  cfg.MODEL.DENSE_HEAD.POST_PROCESSING.SCORE_THRESH: 0.1
2024-11-05 10:41:55,086   INFO  cfg.MODEL.DENSE_HEAD.POST_PROCESSING.POST_CENTER_LIMIT_RANGE: [-80, -80, -10.0, 80, 80, 10.0]
2024-11-05 10:41:55,086   INFO  cfg.MODEL.DENSE_HEAD.POST_PROCESSING.MAX_OBJ_PER_SAMPLE: 500
2024-11-05 10:41:55,086   INFO  ----------- NMS_CONFIG -----------
2024-11-05 10:41:55,086   INFO  cfg.MODEL.DENSE_HEAD.POST_PROCESSING.NMS_CONFIG.NMS_TYPE: nms_gpu
2024-11-05 10:41:55,086   INFO  cfg.MODEL.DENSE_HEAD.POST_PROCESSING.NMS_CONFIG.NMS_THRESH: 0.3
2024-11-05 10:41:55,086   INFO  cfg.MODEL.DENSE_HEAD.POST_PROCESSING.NMS_CONFIG.NMS_PRE_MAXSIZE: 4096
2024-11-05 10:41:55,086   INFO  cfg.MODEL.DENSE_HEAD.POST_PROCESSING.NMS_CONFIG.NMS_POST_MAXSIZE: 500
2024-11-05 10:41:55,086   INFO  ----------- POST_PROCESSING -----------
2024-11-05 10:41:55,086   INFO  cfg.MODEL.POST_PROCESSING.RECALL_THRESH_LIST: [0.3, 0.5, 0.7]
2024-11-05 10:41:55,086   INFO  cfg.MODEL.POST_PROCESSING.EVAL_METRIC: waymo
2024-11-05 10:41:55,086   INFO  ----------- OPTIMIZATION -----------
2024-11-05 10:41:55,086   INFO  cfg.OPTIMIZATION.BATCH_SIZE_PER_GPU: 2
2024-11-05 10:41:55,086   INFO  cfg.OPTIMIZATION.NUM_EPOCHS: 48
2024-11-05 10:41:55,086   INFO  cfg.OPTIMIZATION.OPTIMIZER: adam_onecycle
2024-11-05 10:41:55,086   INFO  cfg.OPTIMIZATION.LR: 0.001
2024-11-05 10:41:55,086   INFO  cfg.OPTIMIZATION.WEIGHT_DECAY: 0.05
2024-11-05 10:41:55,086   INFO  cfg.OPTIMIZATION.MOMENTUM: 0.9
2024-11-05 10:41:55,086   INFO  cfg.OPTIMIZATION.MOMS: [0.95, 0.85]
2024-11-05 10:41:55,086   INFO  cfg.OPTIMIZATION.PCT_START: 0.01
2024-11-05 10:41:55,086   INFO  cfg.OPTIMIZATION.DIV_FACTOR: 100
2024-11-05 10:41:55,086   INFO  cfg.OPTIMIZATION.DECAY_STEP_LIST: [5, 10, 15, 20]
2024-11-05 10:41:55,087   INFO  cfg.OPTIMIZATION.LR_DECAY: 0.01
2024-11-05 10:41:55,087   INFO  cfg.OPTIMIZATION.LR_CLIP: 1e-07
2024-11-05 10:41:55,087   INFO  cfg.OPTIMIZATION.LR_WARMUP: False
2024-11-05 10:41:55,087   INFO  cfg.OPTIMIZATION.WARMUP_EPOCH: 1
2024-11-05 10:41:55,087   INFO  cfg.OPTIMIZATION.GRAD_NORM_CLIP: 5
2024-11-05 10:41:55,087   INFO  cfg.OPTIMIZATION.LOSS_SCALE_FP16: 32.0
2024-11-05 10:41:55,087   INFO  ----------- HOOK -----------
2024-11-05 10:41:55,087   INFO  ----------- EvalutationHook -----------
2024-11-05 10:41:55,087   INFO  cfg.HOOK.EvalutationHook.Interval: 1
2024-11-05 10:41:55,087   INFO  cfg.TAG: dsvt
2024-11-05 10:41:55,087   INFO  cfg.EXP_GROUP_PATH: cfgs/my_models
2024-11-05 10:41:55,089   INFO  ----------- Create dataloader & network & optimizer -----------
